{
  "RSpec": {
    "coverage": {
      "/home/mc/Travis/RUBY/lib/acronym.rb": [
        1,
        1,
        7,
        null,
        null,
        null
      ],
      "/home/mc/Travis/RUBY/lib/binary_search_tree.rb": [
        null,
        1,
        1,
        null,
        1,
        33,
        33,
        33,
        null,
        1,
        35,
        18,
        6,
        null,
        12,
        null,
        null,
        null,
        17,
        6,
        null,
        11,
        null,
        null,
        null,
        null,
        null,
        1,
        20,
        19,
        19,
        19,
        null,
        null,
        null,
        null
      ],
      "/home/mc/Travis/RUBY/lib/book_store.rb": [
        1,
        1,
        1,
        1,
        1,
        1,
        null,
        null,
        1,
        null,
        1,
        137,
        null,
        null,
        1,
        137,
        30,
        900,
        842,
        null,
        null,
        null,
        null,
        1,
        15,
        null,
        null,
        1,
        15,
        null,
        null,
        null,
        null
      ],
      "/home/mc/Travis/RUBY/lib/grains.rb": [
        1,
        1,
        74,
        71,
        null,
        null,
        1,
        1,
        1,
        64,
        null,
        1,
        null,
        null
      ],
      "/home/mc/Travis/RUBY/lib/hamming.rb": [
        null,
        1,
        1,
        7,
        null,
        32,
        5,
        null,
        null
      ],
      "/home/mc/Travis/RUBY/lib/hello_world.rb": [
        1,
        null,
        1,
        1,
        null,
        null,
        null
      ],
      "/home/mc/Travis/RUBY/lib/high_scores.rb": [
        1,
        1,
        1,
        10,
        10,
        10,
        10,
        null,
        null,
        1,
        2,
        null,
        null
      ],
      "/home/mc/Travis/RUBY/lib/matrix.rb": [
        1,
        1,
        1,
        21,
        6,
        null,
        null,
        null
      ],
      "/home/mc/Travis/RUBY/lib/minesweeper.rb": [
        null,
        1,
        null,
        1,
        12,
        71,
        null,
        71,
        11,
        10,
        null,
        9,
        9,
        39,
        39,
        183,
        183,
        null,
        null,
        39,
        null,
        57,
        null,
        null,
        1,
        76,
        76,
        76,
        76,
        76,
        76,
        76,
        76,
        76,
        null,
        76,
        null,
        null,
        1,
        73,
        73,
        65,
        65,
        11,
        null,
        null,
        1,
        352,
        null,
        null,
        null
      ],
      "/home/mc/Travis/RUBY/lib/raindrops.rb": [
        1,
        1,
        18,
        null,
        3535,
        18,
        18,
        18,
        18,
        18,
        null,
        null
      ],
      "/home/mc/Travis/RUBY/lib/resistor_color_duo.rb": [
        1,
        1,
        null,
        null,
        null,
        1,
        5,
        null,
        null,
        null
      ],
      "/home/mc/Travis/RUBY/lib/run_length_encoding.rb": [
        1,
        1,
        7,
        null,
        102,
        35,
        35,
        6,
        35,
        35,
        null,
        null,
        1,
        33,
        30,
        7,
        7,
        7,
        7,
        18,
        18,
        null,
        7,
        null,
        null
      ],
      "/home/mc/Travis/RUBY/lib/secret_handshake.rb": [
        1,
        1,
        8,
        8,
        null,
        null,
        1,
        8,
        7,
        null,
        22,
        7,
        7,
        7,
        null,
        null
      ],
      "/home/mc/Travis/RUBY/lib/series.rb": [
        1,
        1,
        1,
        15,
        null,
        1,
        16,
        2,
        null,
        14,
        14,
        46,
        null,
        14,
        null,
        null,
        null
      ],
      "/home/mc/Travis/RUBY/lib/sum_of_multiples.rb": [
        1,
        1,
        15,
        15,
        null,
        null,
        1,
        15,
        31444,
        null,
        15,
        null,
        null,
        1,
        104394,
        null,
        null
      ],
      "/home/mc/Travis/RUBY/lib/transpose.rb": [
        null,
        1,
        1,
        35,
        10,
        10,
        10,
        10,
        null,
        null,
        1,
        10,
        35,
        null,
        null,
        null
      ],
      "/home/mc/Travis/RUBY/lib/two_fer.rb": [
        1,
        1,
        null,
        3,
        null,
        null
      ]
    },
    "timestamp": 1574079305
  }
}
