{
  "RSpec": {
    "coverage": {
      "/home/mc/Travis/RUBY/spec/acronym_spec.rb": [
        1,
        1,
        1,
        1,
        null,
        1,
        1,
        null,
        1,
        1,
        null,
        1,
        1,
        null,
        1,
        1,
        null,
        1,
        1,
        null,
        1,
        1,
        null,
        null
      ],
      "/home/mc/Travis/RUBY/lib/acronym.rb": [
        1,
        1,
        7,
        null,
        null,
        null
      ],
      "/home/mc/Travis/RUBY/spec/binary_search_tree_spec.rb": [
        1,
        1,
        2,
        1,
        1,
        1,
        1,
        1,
        null,
        1,
        1,
        1,
        1,
        1,
        null,
        1,
        1,
        1,
        1,
        1,
        null,
        1,
        1,
        1,
        1,
        1,
        1,
        1,
        1,
        1,
        1,
        1,
        1,
        1,
        1,
        1,
        null,
        1,
        4,
        16,
        4,
        null,
        1,
        1,
        null,
        1,
        1,
        1,
        1,
        null,
        1,
        1,
        1,
        1,
        null,
        1,
        1,
        1,
        1,
        1,
        1,
        1,
        1,
        1,
        null,
        1,
        1,
        7,
        1,
        1,
        8,
        2,
        null,
        null
      ],
      "/home/mc/Travis/RUBY/lib/binary_search_tree.rb": [
        null,
        1,
        1,
        null,
        1,
        33,
        33,
        33,
        null,
        1,
        35,
        18,
        6,
        null,
        12,
        null,
        null,
        null,
        17,
        6,
        null,
        11,
        null,
        null,
        null,
        null,
        null,
        1,
        20,
        19,
        19,
        19,
        null,
        null,
        null,
        null
      ],
      "/home/mc/Travis/RUBY/spec/book_store_spec.rb": [
        1,
        1,
        1,
        1,
        1,
        null,
        1,
        1,
        1,
        null,
        1,
        1,
        1,
        null,
        1,
        1,
        1,
        null,
        1,
        1,
        1,
        null,
        1,
        1,
        1,
        null,
        1,
        1,
        1,
        null,
        1,
        1,
        1,
        null,
        1,
        1,
        1,
        null,
        1,
        1,
        1,
        null,
        1,
        1,
        1,
        null,
        1,
        1,
        1,
        null,
        1,
        1,
        1,
        null,
        1,
        1,
        1,
        null,
        1,
        1,
        1,
        null,
        null
      ],
      "/home/mc/Travis/RUBY/lib/book_store.rb": [
        1,
        1,
        1,
        1,
        1,
        1,
        null,
        null,
        1,
        null,
        1,
        137,
        null,
        null,
        1,
        137,
        30,
        900,
        842,
        null,
        null,
        null,
        null,
        1,
        15,
        null,
        null,
        1,
        15,
        null,
        null,
        null,
        null
      ],
      "/home/mc/Travis/RUBY/spec/grains_spec.rb": [
        1,
        1,
        2,
        2,
        2,
        2,
        2,
        2,
        2,
        1,
        2,
        null,
        1,
        2,
        null,
        1,
        2,
        null,
        1,
        1,
        null,
        null
      ],
      "/home/mc/Travis/RUBY/lib/grains.rb": [
        1,
        1,
        74,
        71,
        null,
        null,
        1,
        1,
        1,
        64,
        null,
        1,
        null,
        null
      ],
      "/home/mc/Travis/RUBY/spec/hamming_spec.rb": [
        1,
        1,
        2,
        1,
        1,
        null,
        1,
        1,
        null,
        1,
        1,
        null,
        1,
        1,
        null,
        1,
        2,
        null,
        1,
        2,
        null,
        null
      ],
      "/home/mc/Travis/RUBY/lib/hamming.rb": [
        null,
        1,
        1,
        7,
        null,
        32,
        5,
        null,
        null
      ],
      "/home/mc/Travis/RUBY/spec/hello_world_spec.rb": [
        1,
        1,
        1,
        2,
        null
      ],
      "/home/mc/Travis/RUBY/lib/hello_world.rb": [
        1,
        null,
        1,
        1,
        null,
        null,
        null
      ],
      "/home/mc/Travis/RUBY/spec/high_scores_spec.rb": [
        1,
        1,
        1,
        1,
        1,
        1,
        null,
        1,
        1,
        1,
        1,
        null,
        1,
        1,
        1,
        1,
        null,
        1,
        1,
        1,
        1,
        null,
        1,
        1,
        1,
        1,
        null,
        1,
        1,
        1,
        1,
        null,
        1,
        1,
        1,
        1,
        null,
        1,
        1,
        1,
        1,
        null,
        1,
        1,
        1,
        null,
        1,
        1,
        1,
        null,
        null
      ],
      "/home/mc/Travis/RUBY/lib/high_scores.rb": [
        1,
        1,
        1,
        10,
        10,
        10,
        10,
        null,
        null,
        1,
        2,
        null,
        null
      ],
      "/home/mc/Travis/RUBY/spec/matrix_spec.rb": [
        1,
        1,
        null,
        1,
        1,
        1,
        null,
        1,
        1,
        1,
        null,
        1,
        1,
        1,
        null,
        1,
        1,
        1,
        null,
        1,
        1,
        1,
        null,
        1,
        1,
        1,
        null,
        null
      ],
      "/home/mc/Travis/RUBY/lib/matrix.rb": [
        1,
        1,
        1,
        21,
        6,
        null,
        null,
        null
      ],
      "/home/mc/Travis/RUBY/spec/minesweeper_spec.rb": [
        1,
        1,
        null,
        1,
        1,
        1,
        1,
        null,
        1,
        1,
        1,
        1,
        null,
        1,
        1,
        1,
        1,
        null,
        1,
        1,
        1,
        1,
        null,
        1,
        1,
        1,
        1,
        null,
        1,
        1,
        1,
        1,
        null,
        1,
        1,
        1,
        1,
        null,
        1,
        1,
        1,
        1,
        null,
        1,
        1,
        1,
        1,
        null,
        1,
        1,
        2,
        null,
        1,
        1,
        2,
        null,
        1,
        1,
        2,
        null,
        null
      ],
      "/home/mc/Travis/RUBY/lib/minesweeper.rb": [
        null,
        1,
        null,
        1,
        12,
        71,
        null,
        71,
        11,
        10,
        null,
        9,
        9,
        39,
        39,
        183,
        183,
        null,
        null,
        39,
        null,
        57,
        null,
        null,
        1,
        76,
        76,
        76,
        76,
        76,
        76,
        76,
        76,
        76,
        null,
        76,
        null,
        null,
        1,
        73,
        73,
        65,
        65,
        11,
        null,
        null,
        1,
        352,
        null,
        null,
        null
      ],
      "/home/mc/Travis/RUBY/spec/raindrops_spec.rb": [
        1,
        1,
        null,
        2,
        1,
        1,
        null,
        1,
        1,
        null,
        1,
        1,
        null,
        1,
        1,
        null,
        1,
        1,
        null,
        1,
        1,
        null,
        1,
        1,
        null,
        1,
        1,
        null,
        1,
        1,
        null,
        1,
        1,
        null,
        1,
        1,
        null,
        1,
        1,
        null,
        1,
        1,
        null,
        1,
        1,
        null,
        2,
        1,
        1,
        null,
        1,
        1,
        null,
        null
      ],
      "/home/mc/Travis/RUBY/lib/raindrops.rb": [
        1,
        1,
        18,
        null,
        3535,
        18,
        18,
        18,
        18,
        18,
        null,
        null
      ],
      "/home/mc/Travis/RUBY/spec/resistor_color_duo_spec.rb": [
        1,
        1,
        null,
        1,
        1,
        null,
        1,
        1,
        null,
        1,
        1,
        null,
        1,
        1,
        null,
        1,
        1,
        null,
        null
      ],
      "/home/mc/Travis/RUBY/lib/resistor_color_duo.rb": [
        1,
        1,
        null,
        null,
        null,
        1,
        5,
        null,
        null,
        null
      ],
      "/home/mc/Travis/RUBY/spec/run_length_encoding_spec.rb": [
        1,
        1,
        1,
        1,
        1,
        1,
        null,
        1,
        1,
        1,
        1,
        null,
        1,
        1,
        1,
        1,
        null,
        1,
        1,
        1,
        1,
        null,
        1,
        1,
        1,
        1,
        null,
        1,
        1,
        1,
        1,
        null,
        1,
        1,
        1,
        1,
        null,
        1,
        1,
        1,
        1,
        null,
        1,
        1,
        1,
        1,
        null,
        1,
        1,
        1,
        1,
        null,
        1,
        1,
        1,
        1,
        null,
        1,
        1,
        1,
        1,
        null,
        1,
        1,
        1,
        1,
        null,
        null
      ],
      "/home/mc/Travis/RUBY/lib/run_length_encoding.rb": [
        1,
        1,
        7,
        null,
        102,
        35,
        35,
        6,
        35,
        35,
        null,
        null,
        1,
        33,
        30,
        7,
        7,
        7,
        7,
        18,
        18,
        null,
        7,
        null,
        null
      ],
      "/home/mc/Travis/RUBY/spec/secret_handshake_spec.rb": [
        1,
        1,
        1,
        1,
        1,
        null,
        1,
        1,
        1,
        null,
        1,
        1,
        1,
        null,
        1,
        1,
        1,
        null,
        1,
        1,
        1,
        null,
        1,
        1,
        1,
        null,
        1,
        1,
        1,
        1,
        null,
        1,
        1,
        1,
        null,
        null
      ],
      "/home/mc/Travis/RUBY/lib/secret_handshake.rb": [
        1,
        1,
        8,
        8,
        null,
        null,
        1,
        8,
        7,
        null,
        22,
        7,
        7,
        7,
        null,
        null
      ],
      "/home/mc/Travis/RUBY/spec/series_spec.rb": [
        1,
        1,
        1,
        1,
        1,
        null,
        1,
        1,
        1,
        null,
        1,
        1,
        1,
        null,
        1,
        1,
        1,
        1,
        null,
        1,
        1,
        1,
        null,
        1,
        1,
        1,
        null,
        1,
        1,
        1,
        null,
        1,
        1,
        1,
        null,
        1,
        1,
        1,
        null,
        1,
        1,
        1,
        null,
        1,
        1,
        1,
        null,
        1,
        1,
        1,
        null,
        1,
        1,
        2,
        null,
        1,
        1,
        1,
        2,
        null,
        1,
        1,
        1,
        1,
        null,
        null
      ],
      "/home/mc/Travis/RUBY/lib/series.rb": [
        1,
        1,
        1,
        15,
        null,
        1,
        16,
        2,
        null,
        14,
        14,
        46,
        null,
        14,
        null,
        null,
        null
      ],
      "/home/mc/Travis/RUBY/spec/sum_of_multiples_spec.rb": [
        1,
        1,
        1,
        1,
        1,
        null,
        1,
        1,
        1,
        null,
        1,
        1,
        1,
        null,
        1,
        1,
        1,
        null,
        1,
        1,
        1,
        null,
        1,
        1,
        1,
        null,
        1,
        1,
        1,
        null,
        1,
        1,
        1,
        null,
        1,
        1,
        1,
        null,
        1,
        1,
        1,
        null,
        1,
        1,
        1,
        null,
        1,
        1,
        1,
        null,
        1,
        1,
        1,
        null,
        1,
        1,
        1,
        null,
        1,
        1,
        1,
        null,
        null
      ],
      "/home/mc/Travis/RUBY/lib/sum_of_multiples.rb": [
        1,
        1,
        15,
        15,
        null,
        null,
        1,
        15,
        31444,
        null,
        15,
        null,
        null,
        1,
        104394,
        null,
        null
      ],
      "/home/mc/Travis/RUBY/spec/twelve_days_spec.rb": [
        1,
        1,
        1,
        1,
        null,
        1,
        1,
        0,
        0,
        0,
        null,
        null
      ],
      "/home/mc/Travis/RUBY/lib/twelve_days.rb": [
        1,
        1,
        null,
        1,
        null,
        null,
        1,
        null,
        null,
        null,
        null,
        null,
        null,
        null,
        null,
        null,
        null,
        null,
        null,
        1,
        1,
        null,
        null,
        null
      ],
      "/home/mc/Travis/RUBY/spec/two_fer_spec.rb": [
        1,
        1,
        1,
        1,
        null,
        1,
        1,
        null,
        1,
        1,
        null,
        null
      ],
      "/home/mc/Travis/RUBY/lib/two_fer.rb": [
        1,
        1,
        null,
        3,
        null,
        null
      ]
    },
    "timestamp": 1572893909
  },
  "test:spec": {
    "coverage": {
      "/home/mc/Travis/RUBY/lib/acronym.rb": [
        1,
        1,
        7,
        null,
        null,
        null
      ],
      "/home/mc/Travis/RUBY/lib/binary_search_tree.rb": [
        null,
        1,
        1,
        null,
        1,
        33,
        33,
        33,
        null,
        1,
        35,
        18,
        6,
        null,
        12,
        null,
        null,
        null,
        17,
        6,
        null,
        11,
        null,
        null,
        null,
        null,
        null,
        1,
        20,
        19,
        19,
        19,
        null,
        null,
        null,
        null
      ],
      "/home/mc/Travis/RUBY/lib/book_store.rb": [
        1,
        1,
        1,
        1,
        1,
        1,
        null,
        null,
        1,
        null,
        1,
        137,
        null,
        null,
        1,
        137,
        30,
        900,
        842,
        null,
        null,
        null,
        null,
        1,
        15,
        null,
        null,
        1,
        15,
        null,
        null,
        null,
        null
      ],
      "/home/mc/Travis/RUBY/lib/grains.rb": [
        1,
        1,
        74,
        71,
        null,
        null,
        1,
        1,
        1,
        64,
        null,
        1,
        null,
        null
      ],
      "/home/mc/Travis/RUBY/lib/hamming.rb": [
        null,
        1,
        1,
        7,
        null,
        32,
        5,
        null,
        null
      ],
      "/home/mc/Travis/RUBY/lib/hello_world.rb": [
        1,
        null,
        1,
        1,
        null,
        null,
        null
      ],
      "/home/mc/Travis/RUBY/lib/high_scores.rb": [
        1,
        1,
        1,
        10,
        10,
        10,
        10,
        null,
        null,
        1,
        2,
        null,
        null
      ],
      "/home/mc/Travis/RUBY/lib/matrix.rb": [
        1,
        1,
        1,
        21,
        6,
        null,
        null,
        null
      ],
      "/home/mc/Travis/RUBY/lib/minesweeper.rb": [
        null,
        1,
        null,
        1,
        12,
        71,
        null,
        71,
        11,
        10,
        null,
        9,
        9,
        39,
        39,
        183,
        183,
        null,
        null,
        39,
        null,
        57,
        null,
        null,
        1,
        76,
        76,
        76,
        76,
        76,
        76,
        76,
        76,
        76,
        null,
        76,
        null,
        null,
        1,
        73,
        73,
        65,
        65,
        11,
        null,
        null,
        1,
        352,
        null,
        null,
        null
      ],
      "/home/mc/Travis/RUBY/lib/raindrops.rb": [
        1,
        1,
        18,
        null,
        3535,
        18,
        18,
        18,
        18,
        18,
        null,
        null
      ],
      "/home/mc/Travis/RUBY/lib/resistor_color_duo.rb": [
        1,
        1,
        null,
        null,
        null,
        1,
        5,
        null,
        null,
        null
      ],
      "/home/mc/Travis/RUBY/lib/run_length_encoding.rb": [
        1,
        1,
        7,
        null,
        102,
        35,
        35,
        6,
        35,
        35,
        null,
        null,
        1,
        33,
        30,
        7,
        7,
        7,
        7,
        18,
        18,
        null,
        7,
        null,
        null
      ],
      "/home/mc/Travis/RUBY/lib/secret_handshake.rb": [
        1,
        1,
        8,
        8,
        null,
        null,
        1,
        8,
        7,
        null,
        22,
        7,
        7,
        7,
        null,
        null
      ],
      "/home/mc/Travis/RUBY/lib/series.rb": [
        1,
        1,
        1,
        15,
        null,
        1,
        16,
        2,
        null,
        14,
        14,
        46,
        null,
        14,
        null,
        null,
        null
      ],
      "/home/mc/Travis/RUBY/lib/sum_of_multiples.rb": [
        1,
        1,
        15,
        15,
        null,
        null,
        1,
        15,
        31444,
        null,
        15,
        null,
        null,
        1,
        104394,
        null,
        null
      ],
      "/home/mc/Travis/RUBY/lib/twelve_days.rb": [
        1,
        1,
        null,
        1,
        null,
        null,
        1,
        null,
        null,
        null,
        null,
        null,
        null,
        null,
        null,
        null,
        null,
        null,
        null,
        1,
        1,
        null,
        null,
        null
      ],
      "/home/mc/Travis/RUBY/lib/two_fer.rb": [
        1,
        1,
        null,
        3,
        null,
        null
      ]
    },
    "timestamp": 1572885296
  },
  "Unit Tests": {
    "coverage": {
      "/home/mc/Travis/RUBY/lib/acronym.rb": [
        1,
        1,
        7,
        null,
        null,
        null
      ],
      "/home/mc/Travis/RUBY/test/binary_search_tree_test.rb": [
        1,
        1,
        null,
        1,
        1,
        1,
        null,
        null,
        1,
        null,
        1,
        1,
        1,
        1,
        null,
        null,
        1,
        null,
        1,
        1,
        1,
        1,
        null,
        null,
        1,
        null,
        1,
        1,
        1,
        1,
        null,
        null,
        1,
        null,
        1,
        1,
        1,
        1,
        1,
        1,
        1,
        1,
        1,
        1,
        1,
        1,
        1,
        1,
        null,
        null,
        1,
        4,
        16,
        4,
        null,
        null,
        1,
        null,
        1,
        null,
        null,
        1,
        null,
        1,
        1,
        1,
        null,
        null,
        1,
        null,
        1,
        1,
        1,
        null,
        null,
        1,
        null,
        1,
        1,
        1,
        1,
        1,
        1,
        1,
        1,
        null,
        null,
        1,
        null,
        null,
        1,
        7,
        1,
        null,
        1,
        null,
        8,
        null,
        2,
        null,
        null
      ],
      "/home/mc/Travis/RUBY/lib/binary_search_tree.rb": [
        null,
        1,
        1,
        null,
        1,
        33,
        33,
        33,
        null,
        1,
        35,
        18,
        6,
        null,
        12,
        null,
        null,
        null,
        17,
        6,
        null,
        11,
        null,
        null,
        null,
        null,
        null,
        1,
        20,
        19,
        19,
        19,
        null,
        null,
        null,
        null
      ],
      "/home/mc/Travis/RUBY/test/book_store_test.rb": [
        1,
        1,
        null,
        null,
        1,
        1,
        null,
        1,
        1,
        null,
        null,
        1,
        null,
        1,
        1,
        null,
        null,
        1,
        null,
        1,
        1,
        null,
        null,
        1,
        null,
        1,
        1,
        null,
        null,
        1,
        null,
        1,
        1,
        null,
        null,
        1,
        null,
        1,
        1,
        null,
        null,
        1,
        null,
        1,
        1,
        null,
        null,
        1,
        null,
        1,
        1,
        null,
        null,
        1,
        null,
        1,
        1,
        null,
        null,
        1,
        null,
        1,
        1,
        null,
        null,
        1,
        null,
        1,
        1,
        null,
        null,
        1,
        null,
        1,
        1,
        null,
        null,
        1,
        null,
        1,
        1,
        null,
        null,
        1,
        null,
        1,
        1,
        null,
        null,
        1,
        null,
        1,
        1,
        null,
        null
      ],
      "/home/mc/Travis/RUBY/lib/book_store.rb": [
        1,
        1,
        1,
        1,
        1,
        1,
        null,
        null,
        1,
        null,
        1,
        137,
        null,
        null,
        1,
        137,
        30,
        900,
        842,
        null,
        null,
        null,
        null,
        1,
        15,
        null,
        null,
        1,
        15,
        null,
        null,
        null,
        null
      ],
      "/home/mc/Travis/RUBY/test/grains_test.rb": [
        1,
        1,
        null,
        null,
        1,
        1,
        null,
        1,
        null,
        null,
        1,
        null,
        1,
        null,
        null,
        1,
        null,
        1,
        null,
        null,
        1,
        null,
        1,
        null,
        null,
        1,
        null,
        1,
        null,
        null,
        1,
        null,
        1,
        null,
        null,
        1,
        null,
        1,
        null,
        null,
        1,
        null,
        1,
        1,
        null,
        null,
        null,
        1,
        null,
        1,
        1,
        null,
        null,
        null,
        1,
        null,
        1,
        1,
        null,
        null,
        null,
        1,
        null,
        1,
        null,
        null
      ],
      "/home/mc/Travis/RUBY/lib/grains.rb": [
        1,
        1,
        74,
        71,
        null,
        null,
        1,
        1,
        1,
        64,
        null,
        1,
        null,
        null
      ],
      "/home/mc/Travis/RUBY/test/hamming_test.rb": [
        1,
        1,
        null,
        null,
        1,
        1,
        null,
        1,
        null,
        null,
        1,
        null,
        1,
        null,
        null,
        1,
        null,
        1,
        null,
        null,
        1,
        null,
        1,
        null,
        null,
        1,
        null,
        1,
        null,
        null,
        1,
        null,
        1,
        1,
        null,
        null,
        null,
        1,
        null,
        1,
        1,
        null,
        null,
        null
      ],
      "/home/mc/Travis/RUBY/lib/hamming.rb": [
        null,
        1,
        1,
        7,
        null,
        32,
        5,
        null,
        null
      ],
      "/home/mc/Travis/RUBY/test/hello_world_test.rb": [
        null,
        1,
        1,
        1,
        null,
        0,
        0,
        null,
        0,
        0,
        0,
        null,
        null,
        null,
        1,
        1,
        null,
        1,
        null,
        null,
        null,
        null
      ],
      "/home/mc/Travis/RUBY/lib/hello_world.rb": [
        1,
        null,
        1,
        1,
        null,
        null,
        null
      ],
      "/home/mc/Travis/RUBY/test/high_scores_test.rb": [
        1,
        1,
        null,
        null,
        1,
        1,
        null,
        1,
        1,
        1,
        null,
        null,
        1,
        null,
        1,
        1,
        1,
        null,
        null,
        1,
        null,
        1,
        1,
        1,
        null,
        null,
        1,
        null,
        1,
        1,
        1,
        null,
        null,
        1,
        null,
        1,
        1,
        1,
        null,
        null,
        1,
        null,
        1,
        1,
        1,
        null,
        null,
        1,
        null,
        1,
        1,
        1,
        null,
        null,
        1,
        null,
        1,
        1,
        1,
        null,
        null,
        1,
        null,
        1,
        1,
        null,
        null,
        1,
        null,
        1,
        1,
        null,
        null
      ],
      "/home/mc/Travis/RUBY/lib/high_scores.rb": [
        1,
        1,
        1,
        10,
        10,
        10,
        10,
        null,
        null,
        1,
        2,
        null,
        null
      ],
      "/home/mc/Travis/RUBY/test/matrix_test.rb": [
        1,
        1,
        null,
        1,
        1,
        1,
        1,
        null,
        null,
        1,
        null,
        1,
        1,
        null,
        null,
        1,
        null,
        1,
        1,
        null,
        null,
        1,
        null,
        1,
        1,
        null,
        null,
        1,
        null,
        1,
        1,
        null,
        null,
        1,
        null,
        1,
        1,
        null,
        null
      ],
      "/home/mc/Travis/RUBY/lib/matrix.rb": [
        1,
        1,
        1,
        21,
        6,
        null,
        null,
        null
      ],
      "/home/mc/Travis/RUBY/test/minesweeper_test.rb": [
        1,
        1,
        null,
        1,
        1,
        1,
        null,
        1,
        null,
        1,
        null,
        null,
        1,
        null,
        1,
        null,
        1,
        null,
        1,
        null,
        null,
        1,
        null,
        1,
        1,
        1,
        null,
        null,
        1,
        null,
        1,
        1,
        1,
        null,
        null,
        1,
        null,
        1,
        1,
        1,
        null,
        null,
        1,
        null,
        1,
        1,
        1,
        null,
        null,
        1,
        null,
        1,
        1,
        1,
        null,
        null,
        1,
        null,
        1,
        1,
        1,
        null,
        null,
        1,
        null,
        1,
        null,
        1,
        null,
        1,
        null,
        null,
        1,
        null,
        1,
        1,
        1,
        null,
        null,
        null,
        1,
        null,
        1,
        1,
        1,
        null,
        null,
        null,
        1,
        null,
        1,
        1,
        1,
        null,
        null,
        null
      ],
      "/home/mc/Travis/RUBY/lib/minesweeper.rb": [
        null,
        1,
        null,
        1,
        12,
        71,
        null,
        71,
        11,
        10,
        null,
        9,
        9,
        39,
        39,
        183,
        183,
        null,
        null,
        39,
        null,
        57,
        null,
        null,
        1,
        76,
        76,
        76,
        76,
        76,
        76,
        76,
        76,
        76,
        null,
        76,
        null,
        null,
        1,
        73,
        73,
        65,
        65,
        11,
        null,
        null,
        1,
        352,
        null,
        null,
        null
      ],
      "/home/mc/Travis/RUBY/test/raindrops_test.rb": [
        1,
        1,
        null,
        null,
        1,
        1,
        null,
        1,
        null,
        null,
        1,
        null,
        1,
        null,
        null,
        1,
        null,
        1,
        null,
        null,
        1,
        null,
        1,
        null,
        null,
        1,
        null,
        1,
        null,
        null,
        1,
        null,
        1,
        null,
        null,
        1,
        null,
        1,
        null,
        null,
        1,
        null,
        1,
        null,
        null,
        1,
        null,
        1,
        null,
        null,
        1,
        null,
        1,
        null,
        null,
        1,
        null,
        1,
        null,
        null,
        1,
        null,
        1,
        null,
        null,
        1,
        null,
        1,
        null,
        null,
        1,
        null,
        1,
        null,
        null,
        1,
        null,
        1,
        null,
        null,
        1,
        null,
        1,
        null,
        null,
        1,
        null,
        1,
        null,
        null,
        1,
        null,
        1,
        null,
        null
      ],
      "/home/mc/Travis/RUBY/lib/raindrops.rb": [
        1,
        1,
        18,
        null,
        3535,
        18,
        18,
        18,
        18,
        18,
        null,
        null
      ],
      "/home/mc/Travis/RUBY/test/resistor_color_duo_test.rb": [
        1,
        1,
        null,
        null,
        1,
        1,
        null,
        1,
        null,
        null,
        1,
        null,
        1,
        null,
        null,
        1,
        null,
        1,
        null,
        null,
        1,
        null,
        1,
        null,
        null,
        1,
        null,
        1,
        null,
        null
      ],
      "/home/mc/Travis/RUBY/lib/resistor_color_duo.rb": [
        1,
        1,
        null,
        null,
        null,
        1,
        5,
        null,
        null,
        null
      ],
      "/home/mc/Travis/RUBY/test/run_length_encoding_test.rb": [
        1,
        1,
        null,
        null,
        1,
        1,
        null,
        1,
        1,
        1,
        null,
        null,
        1,
        null,
        1,
        1,
        1,
        null,
        null,
        1,
        null,
        1,
        1,
        1,
        null,
        null,
        1,
        null,
        1,
        1,
        1,
        null,
        null,
        1,
        null,
        1,
        1,
        1,
        null,
        null,
        1,
        null,
        1,
        1,
        1,
        null,
        null,
        1,
        null,
        1,
        1,
        1,
        null,
        null,
        1,
        null,
        1,
        1,
        1,
        null,
        null,
        1,
        null,
        1,
        1,
        1,
        null,
        null,
        1,
        null,
        1,
        1,
        1,
        null,
        null,
        1,
        null,
        1,
        1,
        1,
        null,
        null,
        1,
        null,
        1,
        1,
        1,
        null,
        null,
        1,
        null,
        1,
        1,
        1,
        null,
        null
      ],
      "/home/mc/Travis/RUBY/lib/run_length_encoding.rb": [
        1,
        1,
        7,
        null,
        102,
        35,
        35,
        6,
        35,
        35,
        null,
        null,
        1,
        33,
        30,
        7,
        7,
        7,
        7,
        18,
        18,
        null,
        7,
        null,
        null
      ],
      "/home/mc/Travis/RUBY/test/secret_handshake_test.rb": [
        1,
        1,
        null,
        1,
        1,
        1,
        1,
        null,
        null,
        1,
        null,
        1,
        1,
        null,
        null,
        1,
        null,
        1,
        1,
        null,
        null,
        1,
        null,
        1,
        1,
        null,
        null,
        1,
        null,
        1,
        1,
        null,
        null,
        1,
        null,
        1,
        1,
        null,
        null,
        1,
        null,
        1,
        1,
        1,
        null,
        null,
        1,
        null,
        1,
        1,
        null,
        null
      ],
      "/home/mc/Travis/RUBY/lib/secret_handshake.rb": [
        1,
        1,
        8,
        8,
        null,
        null,
        1,
        8,
        7,
        null,
        22,
        7,
        7,
        7,
        null,
        null
      ],
      "/home/mc/Travis/RUBY/test/series_test.rb": [
        1,
        1,
        null,
        1,
        1,
        1,
        1,
        null,
        null,
        1,
        null,
        1,
        1,
        null,
        null,
        1,
        null,
        1,
        1,
        null,
        null,
        1,
        null,
        1,
        1,
        1,
        null,
        null,
        1,
        null,
        1,
        1,
        null,
        null,
        1,
        null,
        1,
        1,
        null,
        null,
        1,
        null,
        1,
        1,
        null,
        null,
        1,
        null,
        1,
        1,
        null,
        null,
        1,
        null,
        1,
        1,
        null,
        null,
        1,
        null,
        1,
        1,
        null,
        null,
        1,
        null,
        1,
        1,
        null,
        null,
        1,
        null,
        1,
        1,
        null,
        null,
        1,
        null,
        1,
        1,
        1,
        null,
        null,
        null,
        1,
        null,
        1,
        null,
        1,
        1,
        1,
        null,
        null,
        null,
        1,
        null,
        1,
        1,
        1,
        null,
        null
      ],
      "/home/mc/Travis/RUBY/lib/series.rb": [
        1,
        1,
        1,
        15,
        null,
        1,
        16,
        2,
        null,
        14,
        14,
        46,
        null,
        14,
        null,
        null,
        null
      ],
      "/home/mc/Travis/RUBY/test/sum_of_multiples_test.rb": [
        1,
        1,
        null,
        null,
        1,
        1,
        null,
        1,
        1,
        null,
        null,
        1,
        null,
        1,
        1,
        null,
        null,
        1,
        null,
        1,
        1,
        null,
        null,
        1,
        null,
        1,
        1,
        null,
        null,
        1,
        null,
        1,
        1,
        null,
        null,
        1,
        null,
        1,
        1,
        null,
        null,
        1,
        null,
        1,
        1,
        null,
        null,
        1,
        null,
        1,
        1,
        null,
        null,
        1,
        null,
        1,
        1,
        null,
        null,
        1,
        null,
        1,
        1,
        null,
        null,
        1,
        null,
        1,
        1,
        null,
        null,
        1,
        null,
        1,
        1,
        null,
        null,
        1,
        null,
        1,
        1,
        null,
        null,
        1,
        null,
        1,
        1,
        null,
        null,
        1,
        null,
        1,
        1,
        null,
        null
      ],
      "/home/mc/Travis/RUBY/lib/sum_of_multiples.rb": [
        1,
        1,
        15,
        15,
        null,
        null,
        1,
        15,
        31444,
        null,
        15,
        null,
        null,
        1,
        104394,
        null,
        null
      ],
      "/home/mc/Travis/RUBY/test/twelve_days_test.rb": [
        1,
        1,
        null,
        1,
        null,
        null,
        null,
        null,
        null,
        null,
        null,
        null,
        1,
        1,
        null,
        1,
        1,
        0,
        0,
        0,
        null,
        null
      ],
      "/home/mc/Travis/RUBY/lib/twelve_days.rb": [
        1,
        1,
        null,
        1,
        null,
        null,
        1,
        null,
        null,
        null,
        null,
        null,
        null,
        null,
        null,
        null,
        null,
        null,
        null,
        1,
        1,
        null,
        null,
        null
      ],
      "/home/mc/Travis/RUBY/test/two_fer_test.rb": [
        1,
        1,
        null,
        null,
        1,
        1,
        null,
        1,
        null,
        null,
        1,
        null,
        1,
        null,
        null,
        1,
        null,
        1,
        null,
        null
      ],
      "/home/mc/Travis/RUBY/lib/two_fer.rb": [
        1,
        1,
        null,
        3,
        null,
        null
      ]
    },
    "timestamp": 1572893919
  }
}
